<?xml version="1.0" encoding="UTF-8"?>
<testsuite name="com.example.BasicTest" tests="1" skipped="0" failures="0" errors="0" timestamp="2020-09-10T20:56:57" hostname="etrexler-UEL413" time="0.025">
  <properties/>
  <testcase name="testPing" classname="com.example.BasicTest" time="0.025"/>
  <system-out><![CDATA[?[36m16:56:56.508?[0;39m ?[1;30m[kotest-engine-0 @coroutine#3]?[0;39m ?[34mINFO ?[0;39m ?[35mi.m.context.env.DefaultEnvironment?[0;39m - Established active environments: [test]
]]></system-out>
  <system-err><![CDATA[]]></system-err>
</testsuite>
